<?xml version="1.0" encoding="UTF-8"?>
<!-- Generated by org.testng.reporters.JUnitReportReporter -->
<testsuite hostname="LAKSHANW-LAP" failures="0" tests="1" name="Tests.CartPageTest" time="11.527" errors="0" timestamp="2025-08-11T09:15:11 IST" skipped="0">
  <testcase classname="Tests.CartPageTest" name="testCheckoutFlow" time="11.527"/>
</testsuite> <!-- Tests.CartPageTest -->
