<?xml version="1.0" encoding="UTF-8"?>
<!-- Generated by org.testng.reporters.JUnitReportReporter -->
<testsuite hostname="LAKSHANW-LAP" failures="0" tests="2" name="Tests.LoginTest" time="8.531" errors="0" timestamp="2025-08-11T18:12:04 IST" skipped="0">
  <testcase classname="Tests.LoginTest" name="testInvalidLogin" time="5.247"/>
  <testcase classname="Tests.LoginTest" name="testValidLogin" time="3.284"/>
</testsuite> <!-- Tests.LoginTest -->
