<?xml version="1.0" encoding="UTF-8"?>
<!-- Generated by org.testng.reporters.JUnitReportReporter -->
<testsuite hostname="LAKSHANW-LAP" failures="0" tests="2" name="Tests.LoginTest" time="9.796" errors="0" timestamp="2025-08-11T11:25:59 IST" skipped="0">
  <testcase classname="Tests.LoginTest" name="testInvalidLogin" time="6.420"/>
  <testcase classname="Tests.LoginTest" name="testValidLogin" time="3.376"/>
</testsuite> <!-- Tests.LoginTest -->
