<?xml version="1.0" encoding="UTF-8"?>
<!-- Generated by org.testng.reporters.JUnitReportReporter -->
<testsuite hostname="LAKSHANW-LAP" failures="0" tests="1" name="Tests.HomePageTest" time="5.751" errors="0" timestamp="2025-08-11T11:25:59 IST" skipped="0">
  <testcase classname="Tests.HomePageTest" name="testGetAllTitlesAndSelectOnesie" time="5.751"/>
</testsuite> <!-- Tests.HomePageTest -->
