<?xml version="1.0" encoding="UTF-8"?>
<!-- Generated by org.testng.reporters.JUnitReportReporter -->
<testsuite hostname="LAKSHANW-LAP" failures="0" tests="2" name="Tests.LoginTest" time="8.496" errors="0" timestamp="2025-08-11T08:32:51 IST" skipped="0">
  <testcase classname="Tests.LoginTest" name="testInvalidLogin" time="5.203"/>
  <testcase classname="Tests.LoginTest" name="testValidLogin" time="3.293"/>
</testsuite> <!-- Tests.LoginTest -->
