<?xml version="1.0" encoding="UTF-8"?>
<!-- Generated by org.testng.reporters.JUnitReportReporter -->
<testsuite hostname="LAKSHANW-LAP" failures="0" tests="1" name="Tests.ProductPageTest" time="5.159" errors="0" timestamp="2025-08-11T18:52:54 IST" skipped="0">
  <testcase classname="Tests.ProductPageTest" name="testAddToCartAndOpenCart" time="5.159"/>
</testsuite> <!-- Tests.ProductPageTest -->
