<?xml version="1.0" encoding="UTF-8"?>
<!-- Generated by org.testng.reporters.JUnitReportReporter -->
<testsuite hostname="LAKSHANW-LAP" failures="0" tests="3" name="Tests.HomePageTest" time="8.998" errors="0" timestamp="2025-08-11T21:50:19 IST" skipped="0">
  <testcase classname="Tests.HomePageTest" name="testGetAllTitlesAndSelectOnesie" time="0.330"/>
  <testcase classname="Tests.HomePageTest" name="testTapAllHomePageActions" time="6.884"/>
  <testcase classname="Tests.HomePageTest" name="selectTheItems" time="1.784"/>
</testsuite> <!-- Tests.HomePageTest -->
