<?xml version="1.0" encoding="UTF-8"?>
<!-- Generated by org.testng.reporters.JUnitReportReporter -->
<testsuite hostname="LAKSHANW-LAP" failures="0" tests="1" name="Tests.WebViewTest" time="15.177" errors="0" timestamp="2025-08-11T18:52:54 IST" skipped="0">
  <testcase classname="Tests.WebViewTest" name="testWebViewNavigation" time="15.177"/>
</testsuite> <!-- Tests.WebViewTest -->
