<?xml version="1.0" encoding="UTF-8"?>
<!-- Generated by org.testng.reporters.JUnitReportReporter -->
<testsuite hostname="LAKSHANW-LAP" failures="0" tests="3" name="Tests.LoginTest" time="10.173" errors="0" timestamp="2025-08-11T21:50:19 IST" skipped="0">
  <testcase classname="Tests.LoginTest" name="testInvalidLogin" time="5.331"/>
  <testcase classname="Tests.LoginTest" name="testUIElementsVisibilityAndEnablement" time="0.277"/>
  <testcase classname="Tests.LoginTest" name="testValidLogin" time="4.565"/>
</testsuite> <!-- Tests.LoginTest -->
