<?xml version="1.0" encoding="UTF-8"?>
<!-- Generated by org.testng.reporters.JUnitReportReporter -->
<testsuite hostname="LAKSHANW-LAP" failures="0" tests="1" name="Tests.WebViewTest" time="16.236" errors="0" timestamp="2025-08-11T21:50:19 IST" skipped="0">
  <testcase classname="Tests.WebViewTest" name="testWebViewNavigation" time="16.236"/>
</testsuite> <!-- Tests.WebViewTest -->
